<?xml version="1.0" encoding="utf-8"?><testsuites name="pytest tests"><testsuite name="pytest" errors="0" failures="0" skipped="0" tests="16" time="3.724" timestamp="2026-04-15T08:06:47.234848+00:00" hostname="agent-env-b5f452db-dcee-483f-91a6-a9673c38991b"><testcase classname="tests.test_propiq_api.TestHealth" name="test_root_endpoint" time="0.272" /><testcase classname="tests.test_propiq_api.TestHealth" name="test_health_endpoint" time="0.128" /><testcase classname="tests.test_propiq_api.TestAuth" name="test_auth_me_with_bearer_token" time="0.139" /><testcase classname="tests.test_propiq_api.TestAuth" name="test_auth_me_without_token" time="0.133" /><testcase classname="tests.test_propiq_api.TestProperties" name="test_create_property_and_verify" time="0.235" /><testcase classname="tests.test_propiq_api.TestProperties" name="test_list_properties" time="0.239" /><testcase classname="tests.test_propiq_api.TestProperties" name="test_get_property_detail" time="0.229" /><testcase classname="tests.test_propiq_api.TestProperties" name="test_update_property_and_verify" time="0.249" /><testcase classname="tests.test_propiq_api.TestProperties" name="test_delete_property_and_verify" time="0.225" /><testcase classname="tests.test_propiq_api.TestIncome" name="test_create_income_and_verify" time="0.315" /><testcase classname="tests.test_propiq_api.TestIncome" name="test_list_income_for_property" time="0.309" /><testcase classname="tests.test_propiq_api.TestExpenses" name="test_create_expense_and_verify" time="0.316" /><testcase classname="tests.test_propiq_api.TestExpenses" name="test_list_expenses_for_property" time="0.346" /><testcase classname="tests.test_propiq_api.TestDashboard" name="test_dashboard_structure" time="0.097" /><testcase classname="tests.test_propiq_api.TestReports" name="test_report_summary" time="0.182" /><testcase classname="tests.test_propiq_api.TestReports" name="test_report_csv" time="0.192" /></testsuite></testsuites>