<?xml version="1.0" encoding="utf-8"?><testsuites name="pytest tests"><testsuite name="pytest" errors="0" failures="0" skipped="0" tests="9" time="2.589" timestamp="2026-04-15T08:44:25.655019+00:00" hostname="agent-env-b5f452db-dcee-483f-91a6-a9673c38991b"><testcase classname="backend.tests.test_new_features.TestExpenseReceipts" name="test_create_expense_with_receipt" time="0.439" /><testcase classname="backend.tests.test_new_features.TestExpenseReceipts" name="test_create_expense_without_receipt" time="0.309" /><testcase classname="backend.tests.test_new_features.TestExpenseReceipts" name="test_existing_expense_with_receipt" time="0.135" /><testcase classname="backend.tests.test_new_features.TestReminders" name="test_create_reminder_and_verify" time="0.305" /><testcase classname="backend.tests.test_new_features.TestReminders" name="test_list_reminders_with_property_names" time="0.314" /><testcase classname="backend.tests.test_new_features.TestReminders" name="test_toggle_reminder_active_state" time="0.447" /><testcase classname="backend.tests.test_new_features.TestReminders" name="test_delete_reminder_and_verify" time="0.296" /><testcase classname="backend.tests.test_new_features.TestReminders" name="test_existing_reminder" time="0.150" /><testcase classname="backend.tests.test_new_features.TestReminders" name="test_create_reminder_invalid_property" time="0.099" /></testsuite></testsuites>