<?xml version="1.0" encoding="utf-8"?><testsuites name="pytest tests"><testsuite name="pytest" errors="0" failures="0" skipped="0" tests="7" time="1.762" timestamp="2026-04-15T08:23:39.637787+00:00" hostname="agent-env-b5f452db-dcee-483f-91a6-a9673c38991b"><testcase classname="tests.test_property_image.TestPropertyImage" name="test_create_property_with_image" time="0.357" /><testcase classname="tests.test_property_image.TestPropertyImage" name="test_create_property_without_image" time="0.152" /><testcase classname="tests.test_property_image.TestPropertyImage" name="test_update_property_add_image" time="0.245" /><testcase classname="tests.test_property_image.TestPropertyImage" name="test_update_property_remove_image" time="0.295" /><testcase classname="tests.test_property_image.TestPropertyImage" name="test_update_property_change_image" time="0.234" /><testcase classname="tests.test_property_image.TestPropertyImage" name="test_list_properties_includes_images" time="0.243" /><testcase classname="tests.test_property_image.TestPropertyImage" name="test_existing_property_with_image" time="0.133" /></testsuite></testsuites>