<?xml version="1.0" encoding="utf-8"?><testsuites name="pytest tests"><testsuite name="pytest" errors="0" failures="0" skipped="0" tests="11" time="2.055" timestamp="2026-04-16T05:18:24.802203+00:00" hostname="agent-env-b5f452db-dcee-483f-91a6-a9673c38991b"><testcase classname="tests.test_iteration_4_features.TestMultiYearComparison" name="test_comparison_endpoint_returns_5_years" time="0.334" /><testcase classname="tests.test_iteration_4_features.TestMultiYearComparison" name="test_comparison_year_data_structure" time="0.168" /><testcase classname="tests.test_iteration_4_features.TestMultiYearComparison" name="test_comparison_property_not_found" time="0.170" /><testcase classname="tests.test_iteration_4_features.TestMultiYearComparison" name="test_comparison_repairs_calculation" time="0.126" /><testcase classname="tests.test_iteration_4_features.TestPortfolioHistory" name="test_create_portfolio_snapshot" time="0.141" /><testcase classname="tests.test_iteration_4_features.TestPortfolioHistory" name="test_get_portfolio_history" time="0.111" /><testcase classname="tests.test_iteration_4_features.TestPortfolioHistory" name="test_portfolio_history_data_structure" time="0.166" /><testcase classname="tests.test_iteration_4_features.TestPortfolioHistory" name="test_portfolio_history_sorted_by_date" time="0.100" /><testcase classname="tests.test_iteration_4_features.TestPortfolioHistory" name="test_portfolio_snapshot_idempotent" time="0.307" /><testcase classname="tests.test_iteration_4_features.TestPortfolioHistory" name="test_seeded_portfolio_snapshots_exist" time="0.110" /><testcase classname="tests.test_iteration_4_features.TestIntegration" name="test_comparison_and_history_consistency" time="0.179" /></testsuite></testsuites>